<?xml version="1.0" encoding="UTF-8"?>
<!-- Generated by org.testng.reporters.JUnitXMLReporter -->
<testsuite hostname="user-PC" ignored="0" name="Test" tests="4" failures="0" timestamp="11 Nov 2020 07:36:19 GMT" time="38.584" errors="0">
  <testcase name="BasepageNavigation" time="4.015" classname="Academy.HomePage"/>
  <testcase name="BasepageNavigation" time="2.432" classname="Academy.HomePage"/>
  <testcase name="TitlePage" time="6.554" classname="Academy.ValidateTitle"/>
  <testcase name="validateNavigationBar" time="17.645" classname="Academy.ValidateNavigation"/>
</testsuite> <!-- Test -->
