<?xml version="1.0" encoding="UTF-8"?>
<!-- Generated by org.testng.reporters.JUnitXMLReporter -->
<testsuite hostname="user-PC" ignored="0" name="Validating Title of Page" tests="1" failures="1" timestamp="12 Nov 2020 06:54:34 GMT" time="20.813" errors="0">
  <testcase name="TitlePage" time="18.599" classname="Academy.ValidateTitle">
    <failure type="junit.framework.ComparisonFailure" message="expected:&amp;lt;...&amp;gt; but was:&amp;lt;...123&amp;gt;">
      <![CDATA[junit.framework.ComparisonFailure: expected:<...> but was:<...123>
at junit.framework.Assert.assertEquals(Assert.java:81)
at junit.framework.Assert.assertEquals(Assert.java:87)
at Academy.ValidateTitle.TitlePage(ValidateTitle.java:28)
at java.util.concurrent.FutureTask.run(Unknown Source)
at java.util.concurrent.ThreadPoolExecutor.runWorker(Unknown Source)
at java.util.concurrent.ThreadPoolExecutor$Worker.run(Unknown Source)
at java.lang.Thread.run(Unknown Source)
... Removed 16 stack frames]]>
    </failure>
  </testcase> <!-- TitlePage -->
</testsuite> <!-- Validating Title of Page -->
