<?xml version="1.0" encoding="UTF-8"?>
<!-- Generated by org.testng.reporters.JUnitXMLReporter -->
<testsuite hostname="user-PC" ignored="0" name="Test" tests="4" failures="0" timestamp="11 Nov 2020 07:40:13 GMT" time="42.605" errors="0">
  <testcase name="BasepageNavigation" time="5.236" classname="Academy.HomePage"/>
  <testcase name="BasepageNavigation" time="2.779" classname="Academy.HomePage"/>
  <testcase name="TitlePage" time="6.89" classname="Academy.ValidateTitle"/>
  <testcase name="validateNavigationBar" time="22.165" classname="Academy.ValidateNavigation"/>
</testsuite> <!-- Test -->
